# JRE version: OpenJDK Runtime Environment Temurin-21.0.10+7 (21.0.10+7) (build 21.0.10+7-LTS)
# Java VM: OpenJDK 64-Bit Server VM Temurin-21.0.10+7 (21.0.10+7-LTS, mixed mode, sharing, tiered, compressed oops, compressed class ptrs, parallel gc, windows-amd64)
GC Precious Log:
 CardTable entry size: 512
 CPUs: 12 total, 12 available
 Memory: 16068M
 Large Page Support: Disabled
 NUMA Support: Disabled
 Compressed Oops: Enabled (32-bit)
 Alignments: Space 512K, Generation 512K, Heap 2M
 Heap Min Capacity: 100M
 Heap Initial Capacity: 100M
 Heap Max Capacity: 2G
 Pre-touch: Disabled
 Parallel Workers: 10
Heap:
 PSYoungGen      total 16896K, used 4706K [0x00000000d5580000, 0x00000000d6800000, 0x0000000100000000)
  eden space 14848K, 21% used [0x00000000d5580000,0x00000000d589a920,0x00000000d6400000)
  from space 2048K, 74% used [0x00000000d6400000,0x00000000d657e200,0x00000000d6600000)
  to   space 2048K, 0% used [0x00000000d6600000,0x00000000d6600000,0x00000000d6800000)
 ParOldGen       total 68608K, used 53342K [0x0000000080000000, 0x0000000084300000, 0x00000000d5580000)
  object space 68608K, 77% used [0x0000000080000000,0x0000000083417800,0x0000000084300000)
 Metaspace       used 63791K, committed 65216K, reserved 1114112K
  class space    used 7541K, committed 8192K, reserved 1048576K
GC Heap History (20 events):
Event: 127.409 GC heap before
{Heap before GC invocations=33 (full 3):
 PSYoungGen      total 15360K, used 15359K [0x00000000d5580000, 0x00000000d6980000, 0x0000000100000000)
  eden space 14848K, 99% used [0x00000000d5580000,0x00000000d63fffe0,0x00000000d6400000)
  from space 512K, 100% used [0x00000000d6880000,0x00000000d6900000,0x00000000d6900000)
  to   space 512K, 0% used [0x00000000d6900000,0x00000000d6900000,0x00000000d6980000)
 ParOldGen       total 68608K, used 40352K [0x0000000080000000, 0x0000000084300000, 0x00000000d5580000)
  object space 68608K, 58% used [0x0000000080000000,0x00000000827680e8,0x0000000084300000)
 Metaspace       used 61322K, committed 62656K, reserved 1114112K
  class space    used 7301K, committed 7872K, reserved 1048576K
}
Event: 127.410 GC heap after
{Heap after GC invocations=33 (full 3):
 PSYoungGen      total 15360K, used 504K [0x00000000d5580000, 0x00000000d6980000, 0x0000000100000000)
  eden space 14848K, 0% used [0x00000000d5580000,0x00000000d5580000,0x00000000d6400000)
  from space 512K, 98% used [0x00000000d6900000,0x00000000d697e1a8,0x00000000d6980000)
  to   space 1536K, 0% used [0x00000000d6680000,0x00000000d6680000,0x00000000d6800000)
 ParOldGen       total 68608K, used 40752K [0x0000000080000000, 0x0000000084300000, 0x00000000d5580000)
  object space 68608K, 59% used [0x0000000080000000,0x00000000827cc0e8,0x0000000084300000)
 Metaspace       used 61322K, committed 62656K, reserved 1114112K
  class space    used 7301K, committed 7872K, reserved 1048576K
}
Event: 127.750 GC heap before
{Heap before GC invocations=34 (full 3):
 PSYoungGen      total 15360K, used 15352K [0x00000000d5580000, 0x00000000d6980000, 0x0000000100000000)
  eden space 14848K, 100% used [0x00000000d5580000,0x00000000d6400000,0x00000000d6400000)
  from space 512K, 98% used [0x00000000d6900000,0x00000000d697e1a8,0x00000000d6980000)
  to   space 1536K, 0% used [0x00000000d6680000,0x00000000d6680000,0x00000000d6800000)
 ParOldGen       total 68608K, used 40752K [0x0000000080000000, 0x0000000084300000, 0x00000000d5580000)
  object space 68608K, 59% used [0x0000000080000000,0x00000000827cc0e8,0x0000000084300000)
 Metaspace       used 62633K, committed 64064K, reserved 1114112K
  class space    used 7430K, committed 8064K, reserved 1048576K
}
Event: 127.753 GC heap after
{Heap after GC invocations=34 (full 3):
 PSYoungGen      total 16384K, used 1008K [0x00000000d5580000, 0x00000000d6980000, 0x0000000100000000)
  eden space 14848K, 0% used [0x00000000d5580000,0x00000000d5580000,0x00000000d6400000)
  from space 1536K, 65% used [0x00000000d6680000,0x00000000d677c010,0x00000000d6800000)
  to   space 1536K, 0% used [0x00000000d6800000,0x00000000d6800000,0x00000000d6980000)
 ParOldGen       total 68608K, used 41258K [0x0000000080000000, 0x0000000084300000, 0x00000000d5580000)
  object space 68608K, 60% used [0x0000000080000000,0x000000008284a9a8,0x0000000084300000)
 Metaspace       used 62633K, committed 64064K, reserved 1114112K
  class space    used 7430K, committed 8064K, reserved 1048576K
}
Event: 127.909 GC heap before
{Heap before GC invocations=35 (full 3):
 PSYoungGen      total 16384K, used 15856K [0x00000000d5580000, 0x00000000d6980000, 0x0000000100000000)
  eden space 14848K, 100% used [0x00000000d5580000,0x00000000d6400000,0x00000000d6400000)
  from space 1536K, 65% used [0x00000000d6680000,0x00000000d677c010,0x00000000d6800000)
  to   space 1536K, 0% used [0x00000000d6800000,0x00000000d6800000,0x00000000d6980000)
 ParOldGen       total 68608K, used 41258K [0x0000000080000000, 0x0000000084300000, 0x00000000d5580000)
  object space 68608K, 60% used [0x0000000080000000,0x000000008284a9a8,0x0000000084300000)
 Metaspace       used 62882K, committed 64320K, reserved 1114112K
  class space    used 7442K, committed 8064K, reserved 1048576K
}
Event: 127.912 GC heap after
{Heap after GC invocations=35 (full 3):
 PSYoungGen      total 16384K, used 1504K [0x00000000d5580000, 0x00000000d6980000, 0x0000000100000000)
  eden space 14848K, 0% used [0x00000000d5580000,0x00000000d5580000,0x00000000d6400000)
  from space 1536K, 97% used [0x00000000d6800000,0x00000000d6978030,0x00000000d6980000)
  to   space 2560K, 0% used [0x00000000d6480000,0x00000000d6480000,0x00000000d6700000)
 ParOldGen       total 68608K, used 42077K [0x0000000080000000, 0x0000000084300000, 0x00000000d5580000)
  object space 68608K, 61% used [0x0000000080000000,0x00000000829176f8,0x0000000084300000)
 Metaspace       used 62882K, committed 64320K, reserved 1114112K
  class space    used 7442K, committed 8064K, reserved 1048576K
}
Event: 128.038 GC heap before
{Heap before GC invocations=36 (full 3):
 PSYoungGen      total 16384K, used 16352K [0x00000000d5580000, 0x00000000d6980000, 0x0000000100000000)
  eden space 14848K, 100% used [0x00000000d5580000,0x00000000d6400000,0x00000000d6400000)
  from space 1536K, 97% used [0x00000000d6800000,0x00000000d6978030,0x00000000d6980000)
  to   space 2560K, 0% used [0x00000000d6480000,0x00000000d6480000,0x00000000d6700000)
 ParOldGen       total 68608K, used 42077K [0x0000000080000000, 0x0000000084300000, 0x00000000d5580000)
  object space 68608K, 61% used [0x0000000080000000,0x00000000829176f8,0x0000000084300000)
 Metaspace       used 63252K, committed 64640K, reserved 1114112K
  class space    used 7499K, committed 8128K, reserved 1048576K
}
Event: 128.041 GC heap after
{Heap after GC invocations=36 (full 3):
 PSYoungGen      total 16896K, used 1905K [0x00000000d5580000, 0x00000000d6880000, 0x0000000100000000)
  eden space 14848K, 0% used [0x00000000d5580000,0x00000000d5580000,0x00000000d6400000)
  from space 2048K, 93% used [0x00000000d6480000,0x00000000d665c420,0x00000000d6680000)
  to   space 2048K, 0% used [0x00000000d6680000,0x00000000d6680000,0x00000000d6880000)
 ParOldGen       total 68608K, used 43549K [0x0000000080000000, 0x0000000084300000, 0x00000000d5580000)
  object space 68608K, 63% used [0x0000000080000000,0x0000000082a87728,0x0000000084300000)
 Metaspace       used 63252K, committed 64640K, reserved 1114112K
  class space    used 7499K, committed 8128K, reserved 1048576K
}
Event: 128.070 GC heap before
{Heap before GC invocations=37 (full 3):
 PSYoungGen      total 16896K, used 16753K [0x00000000d5580000, 0x00000000d6880000, 0x0000000100000000)
  eden space 14848K, 100% used [0x00000000d5580000,0x00000000d6400000,0x00000000d6400000)
  from space 2048K, 93% used [0x00000000d6480000,0x00000000d665c420,0x00000000d6680000)
  to   space 2048K, 0% used [0x00000000d6680000,0x00000000d6680000,0x00000000d6880000)
 ParOldGen       total 68608K, used 43549K [0x0000000080000000, 0x0000000084300000, 0x00000000d5580000)
  object space 68608K, 63% used [0x0000000080000000,0x0000000082a87728,0x0000000084300000)
 Metaspace       used 63262K, committed 64640K, reserved 1114112K
  class space    used 7499K, committed 8128K, reserved 1048576K
}
Event: 128.073 GC heap after
{Heap after GC invocations=37 (full 3):
 PSYoungGen      total 16896K, used 1792K [0x00000000d5580000, 0x00000000d6880000, 0x0000000100000000)
  eden space 14848K, 0% used [0x00000000d5580000,0x00000000d5580000,0x00000000d6400000)
  from space 2048K, 87% used [0x00000000d6680000,0x00000000d6840010,0x00000000d6880000)
  to   space 2048K, 0% used [0x00000000d6480000,0x00000000d6480000,0x00000000d6680000)
 ParOldGen       total 68608K, used 45234K [0x0000000080000000, 0x0000000084300000, 0x00000000d5580000)
  object space 68608K, 65% used [0x0000000080000000,0x0000000082c2c808,0x0000000084300000)
 Metaspace       used 63262K, committed 64640K, reserved 1114112K
  class space    used 7499K, committed 8128K, reserved 1048576K
}
Event: 128.132 GC heap before
{Heap before GC invocations=38 (full 3):
 PSYoungGen      total 16896K, used 16640K [0x00000000d5580000, 0x00000000d6880000, 0x0000000100000000)
  eden space 14848K, 100% used [0x00000000d5580000,0x00000000d6400000,0x00000000d6400000)
  from space 2048K, 87% used [0x00000000d6680000,0x00000000d6840010,0x00000000d6880000)
  to   space 2048K, 0% used [0x00000000d6480000,0x00000000d6480000,0x00000000d6680000)
 ParOldGen       total 68608K, used 45234K [0x0000000080000000, 0x0000000084300000, 0x00000000d5580000)
  object space 68608K, 65% used [0x0000000080000000,0x0000000082c2c808,0x0000000084300000)
 Metaspace       used 63296K, committed 64704K, reserved 1114112K
  class space    used 7499K, committed 8128K, reserved 1048576K
}
Event: 128.136 GC heap after
{Heap after GC invocations=38 (full 3):
 PSYoungGen      total 16896K, used 1890K [0x00000000d5580000, 0x00000000d6800000, 0x0000000100000000)
  eden space 14848K, 0% used [0x00000000d5580000,0x00000000d5580000,0x00000000d6400000)
  from space 2048K, 92% used [0x00000000d6480000,0x00000000d6658800,0x00000000d6680000)
  to   space 1536K, 0% used [0x00000000d6680000,0x00000000d6680000,0x00000000d6800000)
 ParOldGen       total 68608K, used 46898K [0x0000000080000000, 0x0000000084300000, 0x00000000d5580000)
  object space 68608K, 68% used [0x0000000080000000,0x0000000082dcc818,0x0000000084300000)
 Metaspace       used 63296K, committed 64704K, reserved 1114112K
  class space    used 7499K, committed 8128K, reserved 1048576K
}
Event: 128.189 GC heap before
{Heap before GC invocations=39 (full 3):
 PSYoungGen      total 16896K, used 16738K [0x00000000d5580000, 0x00000000d6800000, 0x0000000100000000)
  eden space 14848K, 100% used [0x00000000d5580000,0x00000000d6400000,0x00000000d6400000)
  from space 2048K, 92% used [0x00000000d6480000,0x00000000d6658800,0x00000000d6680000)
  to   space 1536K, 0% used [0x00000000d6680000,0x00000000d6680000,0x00000000d6800000)
 ParOldGen       total 68608K, used 46898K [0x0000000080000000, 0x0000000084300000, 0x00000000d5580000)
  object space 68608K, 68% used [0x0000000080000000,0x0000000082dcc818,0x0000000084300000)
 Metaspace       used 63300K, committed 64704K, reserved 1114112K
  class space    used 7499K, committed 8128K, reserved 1048576K
}
Event: 128.193 GC heap after
{Heap after GC invocations=39 (full 3):
 PSYoungGen      total 16384K, used 1504K [0x00000000d5580000, 0x00000000d6800000, 0x0000000100000000)
  eden space 14848K, 0% used [0x00000000d5580000,0x00000000d5580000,0x00000000d6400000)
  from space 1536K, 97% used [0x00000000d6680000,0x00000000d67f8000,0x00000000d6800000)
  to   space 2048K, 0% used [0x00000000d6400000,0x00000000d6400000,0x00000000d6600000)
 ParOldGen       total 68608K, used 48732K [0x0000000080000000, 0x0000000084300000, 0x00000000d5580000)
  object space 68608K, 71% used [0x0000000080000000,0x0000000082f971c8,0x0000000084300000)
 Metaspace       used 63300K, committed 64704K, reserved 1114112K
  class space    used 7499K, committed 8128K, reserved 1048576K
}
Event: 128.241 GC heap before
{Heap before GC invocations=40 (full 3):
 PSYoungGen      total 16384K, used 16352K [0x00000000d5580000, 0x00000000d6800000, 0x0000000100000000)
  eden space 14848K, 100% used [0x00000000d5580000,0x00000000d6400000,0x00000000d6400000)
  from space 1536K, 97% used [0x00000000d6680000,0x00000000d67f8000,0x00000000d6800000)
  to   space 2048K, 0% used [0x00000000d6400000,0x00000000d6400000,0x00000000d6600000)
 ParOldGen       total 68608K, used 48732K [0x0000000080000000, 0x0000000084300000, 0x00000000d5580000)
  object space 68608K, 71% used [0x0000000080000000,0x0000000082f971c8,0x0000000084300000)
 Metaspace       used 63313K, committed 64704K, reserved 1114112K
  class space    used 7500K, committed 8128K, reserved 1048576K
}
Event: 128.244 GC heap after
{Heap after GC invocations=40 (full 3):
 PSYoungGen      total 16896K, used 1664K [0x00000000d5580000, 0x00000000d6800000, 0x0000000100000000)
  eden space 14848K, 0% used [0x00000000d5580000,0x00000000d5580000,0x00000000d6400000)
  from space 2048K, 81% used [0x00000000d6400000,0x00000000d65a0000,0x00000000d6600000)
  to   space 2048K, 0% used [0x00000000d6600000,0x00000000d6600000,0x00000000d6800000)
 ParOldGen       total 68608K, used 50141K [0x0000000080000000, 0x0000000084300000, 0x00000000d5580000)
  object space 68608K, 73% used [0x0000000080000000,0x00000000830f77f0,0x0000000084300000)
 Metaspace       used 63313K, committed 64704K, reserved 1114112K
  class space    used 7500K, committed 8128K, reserved 1048576K
}
Event: 128.322 GC heap before
{Heap before GC invocations=41 (full 3):
 PSYoungGen      total 16896K, used 16512K [0x00000000d5580000, 0x00000000d6800000, 0x0000000100000000)
  eden space 14848K, 100% used [0x00000000d5580000,0x00000000d6400000,0x00000000d6400000)
  from space 2048K, 81% used [0x00000000d6400000,0x00000000d65a0000,0x00000000d6600000)
  to   space 2048K, 0% used [0x00000000d6600000,0x00000000d6600000,0x00000000d6800000)
 ParOldGen       total 68608K, used 50141K [0x0000000080000000, 0x0000000084300000, 0x00000000d5580000)
  object space 68608K, 73% used [0x0000000080000000,0x00000000830f77f0,0x0000000084300000)
 Metaspace       used 63332K, committed 64704K, reserved 1114112K
  class space    used 7500K, committed 8128K, reserved 1048576K
}
Event: 128.326 GC heap after
{Heap after GC invocations=41 (full 3):
 PSYoungGen      total 16896K, used 1760K [0x00000000d5580000, 0x00000000d6800000, 0x0000000100000000)
  eden space 14848K, 0% used [0x00000000d5580000,0x00000000d5580000,0x00000000d6400000)
  from space 2048K, 85% used [0x00000000d6600000,0x00000000d67b8010,0x00000000d6800000)
  to   space 2048K, 0% used [0x00000000d6400000,0x00000000d6400000,0x00000000d6600000)
 ParOldGen       total 68608K, used 51661K [0x0000000080000000, 0x0000000084300000, 0x00000000d5580000)
  object space 68608K, 75% used [0x0000000080000000,0x00000000832737f0,0x0000000084300000)
 Metaspace       used 63332K, committed 64704K, reserved 1114112K
  class space    used 7500K, committed 8128K, reserved 1048576K
}
Event: 128.443 GC heap before
{Heap before GC invocations=42 (full 3):
 PSYoungGen      total 16896K, used 16608K [0x00000000d5580000, 0x00000000d6800000, 0x0000000100000000)
  eden space 14848K, 100% used [0x00000000d5580000,0x00000000d6400000,0x00000000d6400000)
  from space 2048K, 85% used [0x00000000d6600000,0x00000000d67b8010,0x00000000d6800000)
  to   space 2048K, 0% used [0x00000000d6400000,0x00000000d6400000,0x00000000d6600000)
 ParOldGen       total 68608K, used 51661K [0x0000000080000000, 0x0000000084300000, 0x00000000d5580000)
  object space 68608K, 75% used [0x0000000080000000,0x00000000832737f0,0x0000000084300000)
 Metaspace       used 63464K, committed 64896K, reserved 1114112K
  class space    used 7511K, committed 8128K, reserved 1048576K
}
Event: 128.447 GC heap after
{Heap after GC invocations=42 (full 3):
 PSYoungGen      total 16896K, used 1528K [0x00000000d5580000, 0x00000000d6800000, 0x0000000100000000)
  eden space 14848K, 0% used [0x00000000d5580000,0x00000000d5580000,0x00000000d6400000)
  from space 2048K, 74% used [0x00000000d6400000,0x00000000d657e200,0x00000000d6600000)
  to   space 2048K, 0% used [0x00000000d6600000,0x00000000d6600000,0x00000000d6800000)
 ParOldGen       total 68608K, used 53342K [0x0000000080000000, 0x0000000084300000, 0x00000000d5580000)
  object space 68608K, 77% used [0x0000000080000000,0x0000000083417800,0x0000000084300000)
 Metaspace       used 63464K, committed 64896K, reserved 1114112K
  class space    used 7511K, committed 8128K, reserved 1048576K
}

